<?xml version="1.0" encoding="UTF-8"?>
<!-- Generated by org.testng.reporters.JUnitReportReporter -->
<testsuite hostname="HOIT03" failures="0" tests="1" name="TestNG.Class1" time="0.011" errors="0" timestamp="2025-09-24T11:03:30 IST" skipped="0">
  <testcase classname="TestNG.Class1" name="openApp" time="0.011"/>
</testsuite> <!-- TestNG.Class1 -->
